<?xml version="1.0" encoding="UTF-8"?>
<testsuites tests="3" failures="3" errors="3" skipped="0">
  <testsuite name="BackstopJS" tests="3" failures="3" errors="3" skipped="0">
    <testcase classname="document" name=" ›› Blog List - Main Page">
      <failure message="Design deviation ›› Blog List - Main Page (document) component"/>
      <error message="Design deviation ›› Blog List - Main Page (document) component"/>
    </testcase>
    <testcase classname="document" name=" ›› Blog List - Main Page">
      <failure message="Design deviation ›› Blog List - Main Page (document) component"/>
      <error message="Design deviation ›› Blog List - Main Page (document) component"/>
    </testcase>
    <testcase classname="document" name=" ›› Blog List - Main Page">
      <failure message="Design deviation ›› Blog List - Main Page (document) component"/>
      <error message="Design deviation ›› Blog List - Main Page (document) component"/>
    </testcase>
  </testsuite>
</testsuites>